<?xml version="1.0" encoding="UTF-8"?>
<testsuite name="jp.co.hungtin.algorx.buddystring.BuddyStringTest" tests="1" skipped="0" failures="0" errors="0" timestamp="2020-09-03T16:09:53" hostname="P73591" time="0.021">
  <properties/>
  <testcase name="solution()" classname="jp.co.hungtin.algorx.buddystring.BuddyStringTest" time="0.021"/>
  <system-out><![CDATA[]]></system-out>
  <system-err><![CDATA[]]></system-err>
</testsuite>
